<?xml version="1.0" encoding="UTF-8"?>
<!-- Generated by org.testng.reporters.JUnitReportReporter -->
<testsuite hostname="DESKTOP-UU0H7O0" failures="0" tests="1" name="login.RegistrationTest" time="11.783" errors="0" timestamp="02 Apr 2023 16:03:50 GMT" skipped="0">
  <testcase classname="login.RegistrationTest" name="testInputForm" time="11.783"/>
</testsuite> <!-- login.RegistrationTest -->
