<?xml version="1.0" encoding="UTF-8"?>
<!-- Generated by org.testng.reporters.JUnitReportReporter -->
<testsuite hostname="DESKTOP-UU0H7O0" failures="0" tests="1" name="hyr.BasicControlsTest" time="13.438" errors="0" timestamp="02 Apr 2023 16:58:50 GMT" skipped="0">
  <testcase classname="hyr.BasicControlsTest" name="testBasicControls" time="13.438"/>
</testsuite> <!-- hyr.BasicControlsTest -->
